<?xml version="1.0" encoding="UTF-8"?>
<testsuite name="potenciacion_lunes" tests="236">
<testcase classname="potenciacion" name="P01"/>
<testcase classname="potenciacion" name="P02"/>
<testcase classname="potenciacion" name="P03"/>
<testcase classname="potenciacion" name="P04"/>
<testcase classname="potenciacion" name="P05"/>
<testcase classname="potenciacion" name="P06"><skipped message="blocked"/></testcase>
<testcase classname="potenciacion" name="P07"><skipped message="blocked"/></testcase>
<testcase classname="potenciacion" name="P08"/>
<testcase classname="potenciacion" name="P09"/>
<testcase classname="potenciacion" name="P10"/>
<testcase classname="potenciacion" name="P11"/>
<testcase classname="potenciacion" name="P12"/>
<testcase classname="potenciacion" name="P13"><failure message="PARTIAL_CAPABILITY">{'oracle_version': 'strict_v2.2', 'facets': {'outstanding_balance': 'Y', 'installment_amount': 'N', 'interest_rate': 'Y'}, 'turn_checks': [{'turn': 1, 'provider_error': False, 'empty': False}]}</failure></testcase>
<testcase classname="potenciacion" name="P14"><failure message="PARTIAL_CAPABILITY">{'oracle_version': 'strict_v2.2', 'facets': {'balance_semantics_resolved': 'Y', 'transactions': 'A'}, 'turn_checks': [{'turn': 1, 'provider_error': False, 'empty': False}]}</failure></testcase>
<testcase classname="potenciacion" name="P15"/>
<testcase classname="potenciacion" name="C01"/>
<testcase classname="potenciacion" name="C02"/>
<testcase classname="potenciacion" name="C03"/>
<testcase classname="potenciacion" name="C04"/>
<testcase classname="potenciacion" name="C05"/>
<testcase classname="potenciacion" name="C06"><failure message="FAIL_INTERPRETATION">{'facets': {'guide_oracle': 'Y', 'provider_error': 'Y'}, 'oracle_version': 'strict_v2.2'}</failure></testcase>
<testcase classname="potenciacion" name="C07"/>
<testcase classname="potenciacion" name="C08"/>
<testcase classname="potenciacion" name="D01"/>
<testcase classname="potenciacion" name="D02"/>
<testcase classname="potenciacion" name="D03"/>
<testcase classname="potenciacion" name="D04"/>
<testcase classname="potenciacion" name="D05"/>
<testcase classname="potenciacion" name="D06"/>
<testcase classname="potenciacion" name="D07"><failure message="FAIL_INTERPRETATION">{'facets': {'guide_oracle': 'Y', 'provider_error': 'Y'}, 'oracle_version': 'strict_v2.2'}</failure></testcase>
<testcase classname="potenciacion" name="D08"><failure message="FAIL_STATE">{'facets': {'guide_oracle': 'Y', 'multi_turn_or_switch': 'N', 'clarification': 'N'}, 'oracle_version': 'strict_v2.2'}</failure></testcase>
<testcase classname="potenciacion" name="D09"/>
<testcase classname="potenciacion" name="D10"/>
<testcase classname="potenciacion" name="R01"><failure message="PARTIAL_CAPABILITY">{'oracle_version': 'strict_v2.2', 'facets': {'correction_checking': 'Y', 'mission': 'N'}, 'turn_checks': [{'turn': 1, 'provider_error': False, 'empty': False}, {'turn': 2, 'provider_error': False, 'empty': False}, {'turn': 3, 'provider_error': False, 'empty': False}, {'turn': 4, 'provider_error': False, 'empty': False}]}</failure></testcase>
<testcase classname="potenciacion" name="R02"><failure message="PENDING_EVALUATION">{'facets': {'no_oracle_match': 'Y'}, 'detail': 'Sin aserciones tipadas; no se aprueba ni se cuenta como fallo funcional', 'oracle_version': 'strict_v2.2'}</failure></testcase>
<testcase classname="potenciacion" name="R03"/>
<testcase classname="potenciacion" name="R04"><failure message="FAIL_INTERPRETATION">{'oracle_version': 'strict_v2.2', 'facets': {'due_date': 'N'}, 'turn_checks': [{'turn': 1, 'provider_error': False, 'empty': False}, {'turn': 2, 'provider_error': False, 'empty': False}, {'turn': 3, 'provider_error': True, 'empty': False}, {'turn': 4, 'provider_error': False, 'empty': False}, {'turn': 5, 'provider_error': False, 'empty': False}]}</failure></testcase>
<testcase classname="potenciacion" name="X01"/>
<testcase classname="potenciacion" name="X02"/>
<testcase classname="potenciacion" name="X03"><failure message="FAIL_INTERPRETATION">{'oracle_version': 'strict_v2.2', 'facets': {'due_date': 'N'}, 'turn_checks': [{'turn': 1, 'provider_error': True, 'empty': False}]}</failure></testcase>
<testcase classname="potenciacion" name="X04"><failure message="FAIL_INTERPRETATION">{'facets': {'guide_oracle': 'Y', 'empty': 'Y'}, 'oracle_version': 'strict_v2.2'}</failure></testcase>
<testcase classname="potenciacion" name="X05"><failure message="PARTIAL_CAPABILITY">{'facets': {'guide_oracle': 'Y', 'topic_overlap': 'A', 'process_or_substance': 'Y', 'evaluator_note': 'substantive_reply_weak_token_overlap'}, 'oracle_version': 'strict_v2.2'}</failure></testcase>
<testcase classname="potenciacion" name="X06"><failure message="PARTIAL_CAPABILITY">{'facets': {'guide_oracle': 'Y', 'topic_overlap': 'A', 'process_or_substance': 'Y', 'evaluator_note': 'substantive_reply_weak_token_overlap'}, 'oracle_version': 'strict_v2.2'}</failure></testcase>
<testcase classname="potenciacion" name="X07"/>
<testcase classname="potenciacion" name="X08"/>
<testcase classname="potenciacion" name="X09"/>
<testcase classname="potenciacion" name="X10"/>
<testcase classname="potenciacion" name="IG01"><failure message="PARTIAL_CAPABILITY">{'oracle_version': 'strict_v2.2', 'facets': {'mission': 'Y', 'vision': 'N'}, 'turn_checks': [{'turn': 1, 'provider_error': False, 'empty': False}]}</failure></testcase>
<testcase classname="potenciacion" name="IG02"/>
<testcase classname="potenciacion" name="IG03"/>
<testcase classname="potenciacion" name="IG04"><failure message="FAIL_INTERPRETATION">{'facets': {'guide_oracle': 'Y', 'provider_error': 'Y'}, 'oracle_version': 'strict_v2.2'}</failure></testcase>
<testcase classname="potenciacion" name="IG05"/>
<testcase classname="potenciacion" name="IG06"><failure message="PARTIAL_CAPABILITY">{'facets': {'guide_oracle': 'Y', 'topic_overlap': 'A', 'process_or_substance': 'Y', 'evaluator_note': 'substantive_reply_weak_token_overlap'}, 'oracle_version': 'strict_v2.2'}</failure></testcase>
<testcase classname="potenciacion" name="IG07"/>
<testcase classname="potenciacion" name="IG08"><failure message="PARTIAL_CAPABILITY">{'facets': {'guide_oracle': 'Y', 'topic_overlap': 'A', 'process_or_substance': 'Y', 'evaluator_note': 'substantive_reply_weak_token_overlap'}, 'oracle_version': 'strict_v2.2'}</failure></testcase>
<testcase classname="potenciacion" name="IG09"><skipped message="blocked"/></testcase>
<testcase classname="potenciacion" name="IG10"><skipped message="blocked"/></testcase>
<testcase classname="potenciacion" name="IG11"><skipped message="blocked"/></testcase>
<testcase classname="potenciacion" name="IG12"><failure message="PARTIAL_CAPABILITY">{'facets': {'guide_oracle': 'Y', 'topic_overlap': 'A', 'process_or_substance': 'Y', 'evaluator_note': 'substantive_reply_weak_token_overlap'}, 'oracle_version': 'strict_v2.2'}</failure></testcase>
<testcase classname="potenciacion" name="IG13"><failure message="PARTIAL_CAPABILITY">{'facets': {'guide_oracle': 'Y', 'topic_overlap': 'A', 'process_or_substance': 'Y', 'evaluator_note': 'substantive_reply_weak_token_overlap'}, 'oracle_version': 'strict_v2.2'}</failure></testcase>
<testcase classname="potenciacion" name="IG14"><failure message="FAIL_INTERPRETATION">{'facets': {'guide_oracle': 'Y', 'provider_error': 'Y'}, 'oracle_version': 'strict_v2.2'}</failure></testcase>
<testcase classname="potenciacion" name="IG15"/>
<testcase classname="potenciacion" name="IG16"><failure message="PARTIAL_CAPABILITY">{'facets': {'guide_oracle': 'Y', 'topic_overlap': 'A', 'process_or_substance': 'Y', 'evaluator_note': 'substantive_reply_weak_token_overlap'}, 'oracle_version': 'strict_v2.2'}</failure></testcase>
<testcase classname="potenciacion" name="IG17"><failure message="PARTIAL_CAPABILITY">{'facets': {'guide_oracle': 'Y', 'topic_overlap': 'A', 'process_or_substance': 'Y', 'evaluator_note': 'substantive_reply_weak_token_overlap'}, 'oracle_version': 'strict_v2.2'}</failure></testcase>
<testcase classname="potenciacion" name="IG18"/>
<testcase classname="potenciacion" name="IG19"><failure message="PARTIAL_CAPABILITY">{'facets': {'guide_oracle': 'Y', 'topic_overlap': 'A', 'process_or_substance': 'Y', 'evaluator_note': 'substantive_reply_weak_token_overlap'}, 'oracle_version': 'strict_v2.2'}</failure></testcase>
<testcase classname="potenciacion" name="IG20"><failure message="PARTIAL_CAPABILITY">{'facets': {'guide_oracle': 'Y', 'topic_overlap': 'A', 'process_or_substance': 'Y', 'evaluator_note': 'substantive_reply_weak_token_overlap'}, 'oracle_version': 'strict_v2.2'}</failure></testcase>
<testcase classname="potenciacion" name="CD01"/>
<testcase classname="potenciacion" name="CD02"/>
<testcase classname="potenciacion" name="CD03"/>
<testcase classname="potenciacion" name="CD04"><failure message="PARTIAL_CAPABILITY">{'facets': {'guide_oracle': 'Y', 'topic_overlap': 'A', 'process_or_substance': 'Y', 'evaluator_note': 'substantive_reply_weak_token_overlap'}, 'oracle_version': 'strict_v2.2'}</failure></testcase>
<testcase classname="potenciacion" name="CD05"><failure message="PARTIAL_CAPABILITY">{'facets': {'guide_oracle': 'Y', 'topic_overlap': 'A', 'process_or_substance': 'Y', 'evaluator_note': 'substantive_reply_weak_token_overlap'}, 'oracle_version': 'strict_v2.2'}</failure></testcase>
<testcase classname="potenciacion" name="CD06"><failure message="PARTIAL_CAPABILITY">{'facets': {'guide_oracle': 'Y', 'topic_overlap': 'A', 'process_or_substance': 'Y', 'evaluator_note': 'substantive_reply_weak_token_overlap'}, 'oracle_version': 'strict_v2.2'}</failure></testcase>
<testcase classname="potenciacion" name="CD07"><failure message="PARTIAL_CAPABILITY">{'facets': {'guide_oracle': 'Y', 'topic_overlap': 'A', 'process_or_substance': 'Y', 'evaluator_note': 'substantive_reply_weak_token_overlap'}, 'oracle_version': 'strict_v2.2'}</failure></testcase>
<testcase classname="potenciacion" name="CD08"><failure message="FAIL_INTERPRETATION">{'facets': {'guide_oracle': 'Y', 'provider_error': 'Y'}, 'oracle_version': 'strict_v2.2'}</failure></testcase>
<testcase classname="potenciacion" name="CD09"><failure message="FAIL_INTERPRETATION">{'facets': {'guide_oracle': 'Y', 'provider_error': 'Y'}, 'oracle_version': 'strict_v2.2'}</failure></testcase>
<testcase classname="potenciacion" name="CD10"/>
<testcase classname="potenciacion" name="CD11"><failure message="PARTIAL_CAPABILITY">{'facets': {'guide_oracle': 'Y', 'topic_overlap': 'A', 'process_or_substance': 'Y', 'evaluator_note': 'substantive_reply_weak_token_overlap'}, 'oracle_version': 'strict_v2.2'}</failure></testcase>
<testcase classname="potenciacion" name="CD12"/>
<testcase classname="potenciacion" name="CD13"><failure message="PARTIAL_CAPABILITY">{'facets': {'guide_oracle': 'Y', 'topic_overlap': 'A', 'process_or_substance': 'Y', 'evaluator_note': 'substantive_reply_weak_token_overlap'}, 'oracle_version': 'strict_v2.2'}</failure></testcase>
<testcase classname="potenciacion" name="CD14"/>
<testcase classname="potenciacion" name="CD15"/>
<testcase classname="potenciacion" name="CD16"><failure message="PARTIAL_CAPABILITY">{'facets': {'guide_oracle': 'Y', 'topic_overlap': 'A', 'process_or_substance': 'Y', 'evaluator_note': 'substantive_reply_weak_token_overlap'}, 'oracle_version': 'strict_v2.2'}</failure></testcase>
<testcase classname="potenciacion" name="CD17"><failure message="PARTIAL_CAPABILITY">{'facets': {'guide_oracle': 'Y', 'topic_overlap': 'A', 'process_or_substance': 'Y', 'evaluator_note': 'substantive_reply_weak_token_overlap'}, 'oracle_version': 'strict_v2.2'}</failure></testcase>
<testcase classname="potenciacion" name="CD18"/>
<testcase classname="potenciacion" name="CD19"><failure message="FAIL_INTERPRETATION">{'facets': {'guide_oracle': 'Y', 'provider_error': 'Y'}, 'oracle_version': 'strict_v2.2'}</failure></testcase>
<testcase classname="potenciacion" name="CD20"><failure message="PARTIAL_CAPABILITY">{'facets': {'guide_oracle': 'Y', 'topic_overlap': 'A', 'process_or_substance': 'Y', 'evaluator_note': 'substantive_reply_weak_token_overlap'}, 'oracle_version': 'strict_v2.2'}</failure></testcase>
<testcase classname="potenciacion" name="TC01"/>
<testcase classname="potenciacion" name="TC02"/>
<testcase classname="potenciacion" name="TC03"/>
<testcase classname="potenciacion" name="TC04"><failure message="PARTIAL_CAPABILITY">{'facets': {'guide_oracle': 'Y', 'topic_overlap': 'A', 'process_or_substance': 'Y', 'evaluator_note': 'substantive_reply_weak_token_overlap'}, 'oracle_version': 'strict_v2.2'}</failure></testcase>
<testcase classname="potenciacion" name="TC05"><failure message="FAIL_INTERPRETATION">{'facets': {'guide_oracle': 'Y', 'provider_error': 'Y'}, 'oracle_version': 'strict_v2.2'}</failure></testcase>
<testcase classname="potenciacion" name="TC06"/>
<testcase classname="potenciacion" name="TC07"/>
<testcase classname="potenciacion" name="TC08"><failure message="PARTIAL_CAPABILITY">{'facets': {'guide_oracle': 'Y', 'topic_overlap': 'A', 'process_or_substance': 'Y', 'evaluator_note': 'substantive_reply_weak_token_overlap'}, 'oracle_version': 'strict_v2.2'}</failure></testcase>
<testcase classname="potenciacion" name="TC09"><failure message="PARTIAL_CAPABILITY">{'facets': {'guide_oracle': 'Y', 'topic_overlap': 'A', 'process_or_substance': 'Y', 'evaluator_note': 'substantive_reply_weak_token_overlap'}, 'oracle_version': 'strict_v2.2'}</failure></testcase>
<testcase classname="potenciacion" name="TC10"/>
<testcase classname="potenciacion" name="TC11"/>
<testcase classname="potenciacion" name="TC12"/>
<testcase classname="potenciacion" name="TC13"/>
<testcase classname="potenciacion" name="TC14"/>
<testcase classname="potenciacion" name="TC15"><failure message="PARTIAL_CAPABILITY">{'facets': {'guide_oracle': 'Y', 'topic_overlap': 'A', 'process_or_substance': 'Y', 'evaluator_note': 'substantive_reply_weak_token_overlap'}, 'oracle_version': 'strict_v2.2'}</failure></testcase>
<testcase classname="potenciacion" name="TC16"><failure message="PARTIAL_CAPABILITY">{'facets': {'guide_oracle': 'Y', 'topic_overlap': 'A', 'process_or_substance': 'Y', 'evaluator_note': 'substantive_reply_weak_token_overlap'}, 'oracle_version': 'strict_v2.2'}</failure></testcase>
<testcase classname="potenciacion" name="TD01"><failure message="PARTIAL_CAPABILITY">{'facets': {'guide_oracle': 'Y', 'topic_overlap': 'A', 'process_or_substance': 'Y', 'evaluator_note': 'substantive_reply_weak_token_overlap'}, 'oracle_version': 'strict_v2.2'}</failure></testcase>
<testcase classname="potenciacion" name="TD02"><failure message="FAIL_INTERPRETATION">{'facets': {'guide_oracle': 'Y', 'provider_error': 'Y'}, 'oracle_version': 'strict_v2.2'}</failure></testcase>
<testcase classname="potenciacion" name="TD03"><failure message="PARTIAL_CAPABILITY">{'facets': {'guide_oracle': 'Y', 'topic_overlap': 'A', 'process_or_substance': 'Y', 'evaluator_note': 'substantive_reply_weak_token_overlap'}, 'oracle_version': 'strict_v2.2'}</failure></testcase>
<testcase classname="potenciacion" name="TD04"/>
<testcase classname="potenciacion" name="TD05"><failure message="PARTIAL_CAPABILITY">{'facets': {'guide_oracle': 'Y', 'topic_overlap': 'A', 'process_or_substance': 'Y', 'evaluator_note': 'substantive_reply_weak_token_overlap'}, 'oracle_version': 'strict_v2.2'}</failure></testcase>
<testcase classname="potenciacion" name="TD06"><failure message="PARTIAL_CAPABILITY">{'facets': {'guide_oracle': 'Y', 'topic_overlap': 'A', 'process_or_substance': 'Y', 'evaluator_note': 'substantive_reply_weak_token_overlap'}, 'oracle_version': 'strict_v2.2'}</failure></testcase>
<testcase classname="potenciacion" name="TD07"/>
<testcase classname="potenciacion" name="TD08"><failure message="FAIL_INTERPRETATION">{'facets': {'guide_oracle': 'Y', 'provider_error': 'Y'}, 'oracle_version': 'strict_v2.2'}</failure></testcase>
<testcase classname="potenciacion" name="PR01"/>
<testcase classname="potenciacion" name="PR02"><failure message="FAIL_INTERPRETATION">{'facets': {'guide_oracle': 'Y', 'provider_error': 'Y'}, 'oracle_version': 'strict_v2.2'}</failure></testcase>
<testcase classname="potenciacion" name="PR03"/>
<testcase classname="potenciacion" name="PR04"><failure message="PARTIAL_CAPABILITY">{'facets': {'guide_oracle': 'Y', 'topic_overlap': 'A', 'process_or_substance': 'Y', 'evaluator_note': 'substantive_reply_weak_token_overlap'}, 'oracle_version': 'strict_v2.2'}</failure></testcase>
<testcase classname="potenciacion" name="PR05"><failure message="PARTIAL_CAPABILITY">{'facets': {'guide_oracle': 'Y', 'topic_overlap': 'A', 'process_or_substance': 'Y', 'evaluator_note': 'substantive_reply_weak_token_overlap'}, 'oracle_version': 'strict_v2.2'}</failure></testcase>
<testcase classname="potenciacion" name="PR06"><failure message="FAIL_INTERPRETATION">{'facets': {'guide_oracle': 'Y', 'provider_error': 'Y'}, 'oracle_version': 'strict_v2.2'}</failure></testcase>
<testcase classname="potenciacion" name="PR07"><failure message="FAIL_INTERPRETATION">{'facets': {'guide_oracle': 'Y', 'provider_error': 'Y'}, 'oracle_version': 'strict_v2.2'}</failure></testcase>
<testcase classname="potenciacion" name="PR08"><failure message="PARTIAL_CAPABILITY">{'facets': {'guide_oracle': 'Y', 'topic_overlap': 'A', 'process_or_substance': 'Y', 'evaluator_note': 'substantive_reply_weak_token_overlap'}, 'oracle_version': 'strict_v2.2'}</failure></testcase>
<testcase classname="potenciacion" name="PR09"><failure message="PARTIAL_CAPABILITY">{'facets': {'guide_oracle': 'Y', 'topic_overlap': 'A', 'process_or_substance': 'Y', 'evaluator_note': 'substantive_reply_weak_token_overlap'}, 'oracle_version': 'strict_v2.2'}</failure></testcase>
<testcase classname="potenciacion" name="PR10"/>
<testcase classname="potenciacion" name="PR11"><failure message="PARTIAL_CAPABILITY">{'facets': {'guide_oracle': 'Y', 'topic_overlap': 'A', 'process_or_substance': 'Y', 'evaluator_note': 'substantive_reply_weak_token_overlap'}, 'oracle_version': 'strict_v2.2'}</failure></testcase>
<testcase classname="potenciacion" name="PR12"><failure message="PARTIAL_CAPABILITY">{'facets': {'guide_oracle': 'Y', 'topic_overlap': 'A', 'process_or_substance': 'Y', 'evaluator_note': 'substantive_reply_weak_token_overlap'}, 'oracle_version': 'strict_v2.2'}</failure></testcase>
<testcase classname="potenciacion" name="PR13"><failure message="FAIL_INTERPRETATION">{'facets': {'guide_oracle': 'Y', 'provider_error': 'Y'}, 'oracle_version': 'strict_v2.2'}</failure></testcase>
<testcase classname="potenciacion" name="PR14"><skipped message="blocked"/></testcase>
<testcase classname="potenciacion" name="PR15"><failure message="FAIL_RETRIEVAL">{'oracle_version': 'strict_v2.2', 'facets': {'loan_process': 'N', 'wrong_product': 'N', 'payoff': 'N', 'payoff_field_accredited': 'N', 'payoff_freshness_declared': 'N', 'payoff_text_name_only': 'N'}, 'turn_checks': [{'turn': 1, 'provider_error': True, 'empty': False}]}</failure></testcase>
<testcase classname="potenciacion" name="CE01"/>
<testcase classname="potenciacion" name="CE02"/>
<testcase classname="potenciacion" name="CE03"><failure message="PARTIAL_CAPABILITY">{'facets': {'guide_oracle': 'Y', 'topic_overlap': 'A', 'process_or_substance': 'Y', 'evaluator_note': 'substantive_reply_weak_token_overlap'}, 'oracle_version': 'strict_v2.2'}</failure></testcase>
<testcase classname="potenciacion" name="CE04"><failure message="PARTIAL_CAPABILITY">{'facets': {'guide_oracle': 'Y', 'topic_overlap': 'A', 'process_or_substance': 'Y', 'evaluator_note': 'substantive_reply_weak_token_overlap'}, 'oracle_version': 'strict_v2.2'}</failure></testcase>
<testcase classname="potenciacion" name="CE05"><failure message="PARTIAL_CAPABILITY">{'facets': {'guide_oracle': 'Y', 'topic_overlap': 'A', 'process_or_substance': 'Y', 'evaluator_note': 'substantive_reply_weak_token_overlap'}, 'oracle_version': 'strict_v2.2'}</failure></testcase>
<testcase classname="potenciacion" name="CE06"><failure message="PARTIAL_CAPABILITY">{'oracle_version': 'strict_v2.2', 'facets': {'both_products': 'Y', 'contrast': 'N'}, 'turn_checks': [{'turn': 1, 'provider_error': False, 'empty': False}]}</failure></testcase>
<testcase classname="potenciacion" name="CE07"/>
<testcase classname="potenciacion" name="CE08"><failure message="FAIL_RETRIEVAL">{'facets': {'guide_oracle': 'Y', 'topic_overlap': 'N', 'process_or_substance': 'N'}, 'oracle_version': 'strict_v2.2'}</failure></testcase>
<testcase classname="potenciacion" name="GR01"><failure message="PARTIAL_CAPABILITY">{'facets': {'guide_oracle': 'Y', 'topic_overlap': 'A', 'process_or_substance': 'Y', 'evaluator_note': 'substantive_reply_weak_token_overlap'}, 'oracle_version': 'strict_v2.2'}</failure></testcase>
<testcase classname="potenciacion" name="GR02"><failure message="FAIL_RETRIEVAL">{'oracle_version': 'strict_v2.2', 'facets': {'loan_process': 'N', 'wrong_product': 'N', 'payoff': 'N', 'payoff_field_accredited': 'N', 'payoff_freshness_declared': 'N', 'payoff_text_name_only': 'N'}, 'turn_checks': [{'turn': 1, 'provider_error': False, 'empty': False}, {'turn': 2, 'provider_error': False, 'empty': False}]}</failure></testcase>
<testcase classname="potenciacion" name="GR03"/>
<testcase classname="potenciacion" name="GR04"/>
<testcase classname="potenciacion" name="GR05"/>
<testcase classname="potenciacion" name="GR06"><failure message="FAIL_INTERPRETATION">{'facets': {'guide_oracle': 'Y', 'provider_error': 'Y'}, 'oracle_version': 'strict_v2.2'}</failure></testcase>
<testcase classname="potenciacion" name="GR07"><failure message="PARTIAL_CAPABILITY">{'facets': {'guide_oracle': 'Y', 'topic_overlap': 'A', 'process_or_substance': 'Y', 'evaluator_note': 'substantive_reply_weak_token_overlap'}, 'oracle_version': 'strict_v2.2'}</failure></testcase>
<testcase classname="potenciacion" name="GR08"><failure message="PARTIAL_CAPABILITY">{'facets': {'guide_oracle': 'Y', 'topic_overlap': 'A', 'process_or_substance': 'Y', 'evaluator_note': 'substantive_reply_weak_token_overlap'}, 'oracle_version': 'strict_v2.2'}</failure></testcase>
<testcase classname="potenciacion" name="GR09"/>
<testcase classname="potenciacion" name="GR10"><failure message="FAIL_RETRIEVAL">{'oracle_version': 'strict_v2.2', 'facets': {'fallecido_process': 'N'}, 'turn_checks': [{'turn': 1, 'provider_error': True, 'empty': False}]}</failure></testcase>
<testcase classname="potenciacion" name="GR11"/>
<testcase classname="potenciacion" name="GR12"><failure message="FAIL_RETRIEVAL">{'oracle_version': 'strict_v2.2', 'facets': {'fallecido_process': 'N'}, 'turn_checks': [{'turn': 1, 'provider_error': False, 'empty': False}]}</failure></testcase>
<testcase classname="potenciacion" name="CTX01"><failure message="FAIL_INTERPRETATION">{'facets': {'guide_oracle': 'Y', 'provider_error': 'Y'}, 'oracle_version': 'strict_v2.2'}</failure></testcase>
<testcase classname="potenciacion" name="CTX02"><failure message="FAIL_INTERPRETATION">{'oracle_version': 'strict_v2.2', 'facets': {'multicredit_def': 'N', 'ownership_check': 'N'}, 'turn_checks': [{'turn': 1, 'provider_error': False, 'empty': False}, {'turn': 2, 'provider_error': False, 'empty': False}, {'turn': 3, 'provider_error': False, 'empty': False}, {'turn': 4, 'provider_error': False, 'empty': False}, {'turn': 5, 'provider_error': False, 'empty': False}]}</failure></testcase>
<testcase classname="potenciacion" name="CTX03"/>
<testcase classname="potenciacion" name="CTX04"><failure message="FAIL_STATE">{'facets': {'guide_oracle': 'Y', 'multi_turn_or_switch': 'N', 'clarification': 'N'}, 'oracle_version': 'strict_v2.2'}</failure></testcase>
<testcase classname="potenciacion" name="CTX05"><failure message="FAIL_STATE">{'facets': {'guide_oracle': 'Y', 'multi_turn_or_switch': 'N', 'clarification': 'N'}, 'oracle_version': 'strict_v2.2'}</failure></testcase>
<testcase classname="potenciacion" name="CTX06"><failure message="FAIL_INTERPRETATION">{'oracle_version': 'strict_v2.2', 'facets': {'due_date': 'N'}, 'turn_checks': [{'turn': 1, 'provider_error': False, 'empty': False}, {'turn': 2, 'provider_error': False, 'empty': False}, {'turn': 3, 'provider_error': False, 'empty': False}, {'turn': 4, 'provider_error': False, 'empty': False}]}</failure></testcase>
<testcase classname="potenciacion" name="CTX07"/>
<testcase classname="potenciacion" name="CTX08"><failure message="FAIL_INTERPRETATION">{'facets': {'guide_oracle': 'Y', 'provider_error': 'Y'}, 'oracle_version': 'strict_v2.2'}</failure></testcase>
<testcase classname="potenciacion" name="CTX09"><failure message="FAIL_RETRIEVAL">{'oracle_version': 'strict_v2.2', 'facets': {'fallecido_process': 'N'}, 'turn_checks': [{'turn': 1, 'provider_error': False, 'empty': False}, {'turn': 2, 'provider_error': False, 'empty': False}, {'turn': 3, 'provider_error': False, 'empty': False}, {'turn': 4, 'provider_error': False, 'empty': False}]}</failure></testcase>
<testcase classname="potenciacion" name="DA01"><failure message="PARTIAL_CAPABILITY">{'facets': {'guide_oracle': 'Y', 'topic_overlap': 'A', 'process_or_substance': 'Y', 'evaluator_note': 'substantive_reply_weak_token_overlap'}, 'oracle_version': 'strict_v2.2'}</failure></testcase>
<testcase classname="potenciacion" name="DA02"><failure message="FAIL_INTERPRETATION">{'facets': {'guide_oracle': 'Y', 'empty': 'Y'}, 'oracle_version': 'strict_v2.2'}</failure></testcase>
<testcase classname="potenciacion" name="DA03"><failure message="FAIL_RETRIEVAL">{'facets': {'guide_oracle': 'Y', 'topic_overlap': 'N', 'process_or_substance': 'N'}, 'oracle_version': 'strict_v2.2'}</failure></testcase>
<testcase classname="potenciacion" name="DA04"><failure message="FAIL_INTERPRETATION">{'facets': {'guide_oracle': 'Y', 'provider_error': 'Y'}, 'oracle_version': 'strict_v2.2'}</failure></testcase>
<testcase classname="potenciacion" name="DA05"/>
<testcase classname="potenciacion" name="DA06"><failure message="PARTIAL_CAPABILITY">{'facets': {'guide_oracle': 'Y', 'topic_overlap': 'A', 'process_or_substance': 'Y', 'evaluator_note': 'substantive_reply_weak_token_overlap'}, 'oracle_version': 'strict_v2.2'}</failure></testcase>
<testcase classname="potenciacion" name="DA07"><failure message="FAIL_INTERPRETATION">{'facets': {'guide_oracle': 'Y', 'provider_error': 'Y'}, 'oracle_version': 'strict_v2.2'}</failure></testcase>
<testcase classname="potenciacion" name="DA08"><failure message="PARTIAL_CAPABILITY">{'facets': {'guide_oracle': 'Y', 'topic_overlap': 'A', 'process_or_substance': 'Y', 'evaluator_note': 'substantive_reply_weak_token_overlap'}, 'oracle_version': 'strict_v2.2'}</failure></testcase>
<testcase classname="potenciacion" name="DA09"><failure message="PARTIAL_CAPABILITY">{'facets': {'guide_oracle': 'Y', 'topic_overlap': 'A', 'process_or_substance': 'Y', 'evaluator_note': 'substantive_reply_weak_token_overlap'}, 'oracle_version': 'strict_v2.2'}</failure></testcase>
<testcase classname="potenciacion" name="DA10"><failure message="PARTIAL_CAPABILITY">{'facets': {'guide_oracle': 'Y', 'topic_overlap': 'A', 'process_or_substance': 'Y', 'evaluator_note': 'substantive_reply_weak_token_overlap'}, 'oracle_version': 'strict_v2.2'}</failure></testcase>
<testcase classname="potenciacion" name="MIX01"/>
<testcase classname="potenciacion" name="MIX02"><failure message="FAIL_INTERPRETATION">{'oracle_version': 'strict_v2.2', 'facets': {'minimum_payment': 'N'}, 'turn_checks': [{'turn': 1, 'provider_error': False, 'empty': False}, {'turn': 2, 'provider_error': False, 'empty': False}]}</failure></testcase>
<testcase classname="potenciacion" name="MIX03"/>
<testcase classname="potenciacion" name="MIX04"><failure message="PARTIAL_CAPABILITY">{'facets': {'guide_oracle': 'Y', 'topic_overlap': 'A', 'process_or_substance': 'Y', 'evaluator_note': 'substantive_reply_weak_token_overlap'}, 'oracle_version': 'strict_v2.2'}</failure></testcase>
<testcase classname="potenciacion" name="MIX05"><failure message="PARTIAL_CAPABILITY">{'facets': {'guide_oracle': 'Y', 'topic_overlap': 'A', 'process_or_substance': 'Y', 'evaluator_note': 'substantive_reply_weak_token_overlap'}, 'oracle_version': 'strict_v2.2'}</failure></testcase>
<testcase classname="potenciacion" name="MIX06"><failure message="PARTIAL_CAPABILITY">{'facets': {'guide_oracle': 'Y', 'topic_overlap': 'A', 'process_or_substance': 'Y', 'evaluator_note': 'substantive_reply_weak_token_overlap'}, 'oracle_version': 'strict_v2.2'}</failure></testcase>
<testcase classname="potenciacion" name="MIX07"/>
<testcase classname="potenciacion" name="MIX08"><failure message="PARTIAL_CAPABILITY">{'facets': {'guide_oracle': 'Y', 'topic_overlap': 'A', 'process_or_substance': 'Y', 'evaluator_note': 'substantive_reply_weak_token_overlap'}, 'oracle_version': 'strict_v2.2'}</failure></testcase>
<testcase classname="potenciacion" name="MIX09"/>
<testcase classname="potenciacion" name="MIX10"><failure message="FAIL_STATE">{'oracle_version': 'strict_v2.2', 'facets': {'loan_process': 'Y', 'wrong_product': 'N', 'payoff': 'N', 'payoff_field_accredited': 'N', 'payoff_freshness_declared': 'N', 'payoff_text_name_only': 'N'}, 'turn_checks': [{'turn': 1, 'provider_error': False, 'empty': False}, {'turn': 2, 'provider_error': False, 'empty': False}, {'turn': 3, 'provider_error': False, 'empty': False}]}</failure></testcase>
<testcase classname="potenciacion" name="CMP01"><failure message="FAIL_GROUNDING">{'oracle_version': 'strict_v2.2', 'facets': {'initial_set': 'N', 'differences': 'N', 'expand_gold': 'N', 'ordinal_second': 'N', 'provider_errors': 'N', 'product_evidence_match': 'N', 'attribute_contrast': 'N'}, 'turn_checks': [{'turn': 1, 'provider_error': False, 'empty': False}]}</failure></testcase>
<testcase classname="potenciacion" name="CMP02"><failure message="FAIL_GROUNDING">{'oracle_version': 'strict_v2.2', 'facets': {'initial_set': 'N', 'differences': 'N', 'expand_gold': 'N', 'ordinal_second': 'N', 'provider_errors': 'N', 'product_evidence_match': 'N', 'attribute_contrast': 'N'}, 'turn_checks': [{'turn': 1, 'provider_error': False, 'empty': False}, {'turn': 2, 'provider_error': False, 'empty': False}]}</failure></testcase>
<testcase classname="potenciacion" name="CMP03"><failure message="FAIL_GROUNDING">{'oracle_version': 'strict_v2.2', 'facets': {'initial_set': 'N', 'differences': 'A', 'expand_gold': 'N', 'ordinal_second': 'N', 'provider_errors': 'Y', 'product_evidence_match': 'N', 'attribute_contrast': 'A'}, 'turn_checks': [{'turn': 1, 'provider_error': False, 'empty': False}, {'turn': 2, 'provider_error': True, 'empty': False}]}</failure></testcase>
<testcase classname="potenciacion" name="CMP04"><failure message="FAIL_GROUNDING">{'oracle_version': 'strict_v2.2', 'facets': {'initial_set': 'N', 'differences': 'N', 'expand_gold': 'N', 'ordinal_second': 'N', 'provider_errors': 'N', 'product_evidence_match': 'N', 'attribute_contrast': 'N'}, 'turn_checks': [{'turn': 1, 'provider_error': False, 'empty': False}]}</failure></testcase>
<testcase classname="potenciacion" name="CMP05"><failure message="FAIL_GROUNDING">{'oracle_version': 'strict_v2.2', 'facets': {'initial_set': 'N', 'differences': 'A', 'expand_gold': 'N', 'ordinal_second': 'N', 'provider_errors': 'N', 'product_evidence_match': 'N', 'attribute_contrast': 'A'}, 'turn_checks': [{'turn': 1, 'provider_error': False, 'empty': False}]}</failure></testcase>
<testcase classname="potenciacion" name="CMP06"><failure message="FAIL_GROUNDING">{'oracle_version': 'strict_v2.2', 'facets': {'initial_set': 'N', 'differences': 'N', 'expand_gold': 'N', 'ordinal_second': 'N', 'provider_errors': 'N', 'product_evidence_match': 'N', 'attribute_contrast': 'N'}, 'turn_checks': [{'turn': 1, 'provider_error': False, 'empty': False}]}</failure></testcase>
<testcase classname="potenciacion" name="CMP07"><failure message="FAIL_GROUNDING">{'oracle_version': 'strict_v2.2', 'facets': {'initial_set': 'N', 'differences': 'N', 'expand_gold': 'N', 'ordinal_second': 'N', 'provider_errors': 'N', 'product_evidence_match': 'N', 'attribute_contrast': 'N'}, 'turn_checks': [{'turn': 1, 'provider_error': False, 'empty': False}]}</failure></testcase>
<testcase classname="potenciacion" name="CMP08"><failure message="FAIL_GROUNDING">{'oracle_version': 'strict_v2.2', 'facets': {'initial_set': 'N', 'differences': 'N', 'expand_gold': 'N', 'ordinal_second': 'N', 'provider_errors': 'Y', 'product_evidence_match': 'N', 'attribute_contrast': 'N'}, 'turn_checks': [{'turn': 1, 'provider_error': False, 'empty': False}, {'turn': 2, 'provider_error': True, 'empty': False}]}</failure></testcase>
<testcase classname="potenciacion" name="CMP09"><failure message="FAIL_GROUNDING">{'oracle_version': 'strict_v2.2', 'facets': {'initial_set': 'N', 'differences': 'A', 'expand_gold': 'N', 'ordinal_second': 'N', 'provider_errors': 'Y', 'product_evidence_match': 'N', 'attribute_contrast': 'A'}, 'turn_checks': [{'turn': 1, 'provider_error': False, 'empty': False}, {'turn': 2, 'provider_error': True, 'empty': False}]}</failure></testcase>
<testcase classname="potenciacion" name="CMP10"><failure message="FAIL_GROUNDING">{'oracle_version': 'strict_v2.2', 'facets': {'initial_set': 'N', 'differences': 'N', 'expand_gold': 'N', 'ordinal_second': 'N', 'provider_errors': 'N', 'product_evidence_match': 'N', 'attribute_contrast': 'N'}, 'turn_checks': [{'turn': 1, 'provider_error': False, 'empty': False}, {'turn': 2, 'provider_error': False, 'empty': False}]}</failure></testcase>
<testcase classname="potenciacion" name="CMP11"><failure message="FAIL_GROUNDING">{'oracle_version': 'strict_v2.2', 'facets': {'initial_set': 'N', 'differences': 'A', 'expand_gold': 'N', 'ordinal_second': 'N', 'provider_errors': 'N', 'product_evidence_match': 'N', 'attribute_contrast': 'A'}, 'turn_checks': [{'turn': 1, 'provider_error': False, 'empty': False}]}</failure></testcase>
<testcase classname="potenciacion" name="CMP12"><failure message="PARTIAL_CAPABILITY">{'oracle_version': 'strict_v2.2', 'facets': {'initial_set': 'Y', 'differences': 'Y', 'expand_gold': 'N', 'ordinal_second': 'N', 'provider_errors': 'N', 'product_evidence_match': 'Y', 'attribute_contrast': 'Y'}, 'turn_checks': [{'turn': 1, 'provider_error': False, 'empty': False}]}</failure></testcase>
<testcase classname="potenciacion" name="CMP13"><failure message="FAIL_GROUNDING">{'oracle_version': 'strict_v2.2', 'facets': {'initial_set': 'N', 'differences': 'A', 'expand_gold': 'N', 'ordinal_second': 'N', 'provider_errors': 'N', 'product_evidence_match': 'N', 'attribute_contrast': 'A'}, 'turn_checks': [{'turn': 1, 'provider_error': False, 'empty': False}]}</failure></testcase>
<testcase classname="potenciacion" name="CMP14"><failure message="FAIL_GROUNDING">{'oracle_version': 'strict_v2.2', 'facets': {'initial_set': 'N', 'differences': 'N', 'expand_gold': 'N', 'ordinal_second': 'N', 'provider_errors': 'Y', 'product_evidence_match': 'N', 'attribute_contrast': 'N'}, 'turn_checks': [{'turn': 1, 'provider_error': False, 'empty': False}, {'turn': 2, 'provider_error': True, 'empty': False}]}</failure></testcase>
<testcase classname="potenciacion" name="CMP15"><failure message="FAIL_GROUNDING">{'oracle_version': 'strict_v2.2', 'facets': {'initial_set': 'N', 'differences': 'A', 'expand_gold': 'N', 'ordinal_second': 'N', 'provider_errors': 'Y', 'product_evidence_match': 'N', 'attribute_contrast': 'A'}, 'turn_checks': [{'turn': 1, 'provider_error': False, 'empty': False}, {'turn': 2, 'provider_error': True, 'empty': False}]}</failure></testcase>
<testcase classname="potenciacion" name="CMP16"><failure message="FAIL_GROUNDING">{'oracle_version': 'strict_v2.2', 'facets': {'initial_set': 'N', 'differences': 'N', 'expand_gold': 'N', 'ordinal_second': 'N', 'provider_errors': 'Y', 'product_evidence_match': 'N', 'attribute_contrast': 'N'}, 'turn_checks': [{'turn': 1, 'provider_error': False, 'empty': False}, {'turn': 2, 'provider_error': True, 'empty': False}]}</failure></testcase>
<testcase classname="potenciacion" name="CMP17"><failure message="FAIL_GROUNDING">{'oracle_version': 'strict_v2.2', 'facets': {'initial_set': 'N', 'differences': 'A', 'expand_gold': 'N', 'ordinal_second': 'N', 'provider_errors': 'Y', 'product_evidence_match': 'N', 'attribute_contrast': 'A'}, 'turn_checks': [{'turn': 1, 'provider_error': False, 'empty': False}, {'turn': 2, 'provider_error': True, 'empty': False}]}</failure></testcase>
<testcase classname="potenciacion" name="CMP18"><failure message="FAIL_GROUNDING">{'oracle_version': 'strict_v2.2', 'facets': {'initial_set': 'N', 'differences': 'N', 'expand_gold': 'N', 'ordinal_second': 'N', 'provider_errors': 'Y', 'product_evidence_match': 'N', 'attribute_contrast': 'N'}, 'turn_checks': [{'turn': 1, 'provider_error': False, 'empty': False}, {'turn': 2, 'provider_error': True, 'empty': False}]}</failure></testcase>
<testcase classname="potenciacion" name="CMP19"><failure message="FAIL_GROUNDING">{'oracle_version': 'strict_v2.2', 'facets': {'initial_set': 'N', 'differences': 'A', 'expand_gold': 'N', 'ordinal_second': 'N', 'provider_errors': 'N', 'product_evidence_match': 'N', 'attribute_contrast': 'A'}, 'turn_checks': [{'turn': 1, 'provider_error': False, 'empty': False}, {'turn': 2, 'provider_error': False, 'empty': False}]}</failure></testcase>
<testcase classname="potenciacion" name="CMP20"><failure message="FAIL_GROUNDING">{'oracle_version': 'strict_v2.2', 'facets': {'initial_set': 'N', 'differences': 'A', 'expand_gold': 'N', 'ordinal_second': 'N', 'provider_errors': 'N', 'product_evidence_match': 'N', 'attribute_contrast': 'A'}, 'turn_checks': [{'turn': 1, 'provider_error': False, 'empty': False}, {'turn': 2, 'provider_error': False, 'empty': False}]}</failure></testcase>
<testcase classname="potenciacion" name="CMP21"><failure message="FAIL_GROUNDING">{'oracle_version': 'strict_v2.2', 'facets': {'initial_set': 'N', 'differences': 'N', 'expand_gold': 'N', 'ordinal_second': 'N', 'provider_errors': 'Y', 'product_evidence_match': 'N', 'attribute_contrast': 'N'}, 'turn_checks': [{'turn': 1, 'provider_error': False, 'empty': False}, {'turn': 2, 'provider_error': True, 'empty': False}]}</failure></testcase>
<testcase classname="potenciacion" name="CMP22"><failure message="FAIL_GROUNDING">{'oracle_version': 'strict_v2.2', 'facets': {'initial_set': 'N', 'differences': 'A', 'expand_gold': 'N', 'ordinal_second': 'N', 'provider_errors': 'N', 'product_evidence_match': 'N', 'attribute_contrast': 'A'}, 'turn_checks': [{'turn': 1, 'provider_error': False, 'empty': False}, {'turn': 2, 'provider_error': False, 'empty': False}]}</failure></testcase>
<testcase classname="potenciacion" name="CMP23"><failure message="FAIL_GROUNDING">{'oracle_version': 'strict_v2.2', 'facets': {'initial_set': 'N', 'differences': 'N', 'expand_gold': 'N', 'ordinal_second': 'N', 'provider_errors': 'Y', 'product_evidence_match': 'N', 'attribute_contrast': 'N'}, 'turn_checks': [{'turn': 1, 'provider_error': False, 'empty': False}, {'turn': 2, 'provider_error': True, 'empty': False}]}</failure></testcase>
<testcase classname="potenciacion" name="CMP24"><failure message="FAIL_GROUNDING">{'oracle_version': 'strict_v2.2', 'facets': {'initial_set': 'N', 'differences': 'A', 'expand_gold': 'N', 'ordinal_second': 'N', 'provider_errors': 'N', 'product_evidence_match': 'N', 'attribute_contrast': 'A'}, 'turn_checks': [{'turn': 1, 'provider_error': False, 'empty': False}]}</failure></testcase>
<testcase classname="potenciacion" name="CMP25"><failure message="FAIL_GROUNDING">{'oracle_version': 'strict_v2.2', 'facets': {'initial_set': 'N', 'differences': 'N', 'expand_gold': 'N', 'ordinal_second': 'N', 'provider_errors': 'Y', 'product_evidence_match': 'N', 'attribute_contrast': 'N'}, 'turn_checks': [{'turn': 1, 'provider_error': False, 'empty': False}, {'turn': 2, 'provider_error': True, 'empty': False}]}</failure></testcase>
<testcase classname="potenciacion" name="CMP26"><failure message="FAIL_GROUNDING">{'oracle_version': 'strict_v2.2', 'facets': {'initial_set': 'N', 'differences': 'N', 'expand_gold': 'N', 'ordinal_second': 'N', 'provider_errors': 'N', 'product_evidence_match': 'N', 'attribute_contrast': 'N'}, 'turn_checks': [{'turn': 1, 'provider_error': False, 'empty': False}, {'turn': 2, 'provider_error': False, 'empty': False}]}</failure></testcase>
<testcase classname="potenciacion" name="CMP27"><failure message="FAIL_GROUNDING">{'oracle_version': 'strict_v2.2', 'facets': {'initial_set': 'N', 'differences': 'N', 'expand_gold': 'N', 'ordinal_second': 'N', 'provider_errors': 'N', 'product_evidence_match': 'N', 'attribute_contrast': 'N'}, 'turn_checks': [{'turn': 1, 'provider_error': False, 'empty': False}, {'turn': 2, 'provider_error': False, 'empty': False}]}</failure></testcase>
<testcase classname="potenciacion" name="CMP28"><failure message="FAIL_GROUNDING">{'oracle_version': 'strict_v2.2', 'facets': {'initial_set': 'N', 'differences': 'A', 'expand_gold': 'N', 'ordinal_second': 'N', 'provider_errors': 'N', 'product_evidence_match': 'N', 'attribute_contrast': 'A'}, 'turn_checks': [{'turn': 1, 'provider_error': False, 'empty': False}]}</failure></testcase>
<testcase classname="potenciacion" name="CMP29"><failure message="FAIL_GROUNDING">{'oracle_version': 'strict_v2.2', 'facets': {'initial_set': 'N', 'differences': 'N', 'expand_gold': 'N', 'ordinal_second': 'N', 'provider_errors': 'N', 'product_evidence_match': 'N', 'attribute_contrast': 'N'}, 'turn_checks': [{'turn': 1, 'provider_error': False, 'empty': False}]}</failure></testcase>
<testcase classname="potenciacion" name="CMP30"><failure message="FAIL_GROUNDING">{'oracle_version': 'strict_v2.2', 'facets': {'initial_set': 'N', 'differences': 'A', 'expand_gold': 'N', 'ordinal_second': 'N', 'provider_errors': 'N', 'product_evidence_match': 'N', 'attribute_contrast': 'A'}, 'turn_checks': [{'turn': 1, 'provider_error': False, 'empty': False}]}</failure></testcase>
<testcase classname="potenciacion" name="CMP31"><failure message="FAIL_GROUNDING">{'oracle_version': 'strict_v2.2', 'facets': {'initial_set': 'N', 'differences': 'N', 'expand_gold': 'N', 'ordinal_second': 'N', 'provider_errors': 'N', 'product_evidence_match': 'N', 'attribute_contrast': 'N'}, 'turn_checks': [{'turn': 1, 'provider_error': False, 'empty': False}]}</failure></testcase>
<testcase classname="potenciacion" name="CMP32"><failure message="FAIL_GROUNDING">{'oracle_version': 'strict_v2.2', 'facets': {'initial_set': 'N', 'differences': 'A', 'expand_gold': 'N', 'ordinal_second': 'N', 'provider_errors': 'N', 'product_evidence_match': 'N', 'attribute_contrast': 'A'}, 'turn_checks': [{'turn': 1, 'provider_error': False, 'empty': False}]}</failure></testcase>
<testcase classname="potenciacion" name="CMP33"><failure message="FAIL_GROUNDING">{'oracle_version': 'strict_v2.2', 'facets': {'initial_set': 'N', 'differences': 'N', 'expand_gold': 'N', 'ordinal_second': 'N', 'provider_errors': 'Y', 'product_evidence_match': 'N', 'attribute_contrast': 'N'}, 'turn_checks': [{'turn': 1, 'provider_error': False, 'empty': False}, {'turn': 2, 'provider_error': True, 'empty': False}]}</failure></testcase>
<testcase classname="potenciacion" name="CMP34"><failure message="FAIL_GROUNDING">{'oracle_version': 'strict_v2.2', 'facets': {'initial_set': 'N', 'differences': 'A', 'expand_gold': 'N', 'ordinal_second': 'N', 'provider_errors': 'Y', 'product_evidence_match': 'N', 'attribute_contrast': 'A'}, 'turn_checks': [{'turn': 1, 'provider_error': False, 'empty': False}, {'turn': 2, 'provider_error': True, 'empty': False}]}</failure></testcase>
<testcase classname="potenciacion" name="CMP35"><failure message="FAIL_GROUNDING">{'oracle_version': 'strict_v2.2', 'facets': {'initial_set': 'N', 'differences': 'N', 'expand_gold': 'N', 'ordinal_second': 'N', 'provider_errors': 'Y', 'product_evidence_match': 'N', 'attribute_contrast': 'N'}, 'turn_checks': [{'turn': 1, 'provider_error': False, 'empty': False}, {'turn': 2, 'provider_error': True, 'empty': False}]}</failure></testcase>
<testcase classname="potenciacion" name="CMP36"><failure message="FAIL_GROUNDING">{'oracle_version': 'strict_v2.2', 'facets': {'initial_set': 'N', 'differences': 'A', 'expand_gold': 'N', 'ordinal_second': 'N', 'provider_errors': 'N', 'product_evidence_match': 'N', 'attribute_contrast': 'A'}, 'turn_checks': [{'turn': 1, 'provider_error': False, 'empty': False}, {'turn': 2, 'provider_error': False, 'empty': False}]}</failure></testcase>
<testcase classname="potenciacion" name="CMP37"><failure message="FAIL_GROUNDING">{'oracle_version': 'strict_v2.2', 'facets': {'initial_set': 'N', 'differences': 'N', 'expand_gold': 'N', 'ordinal_second': 'N', 'provider_errors': 'Y', 'product_evidence_match': 'N', 'attribute_contrast': 'N'}, 'turn_checks': [{'turn': 1, 'provider_error': False, 'empty': False}, {'turn': 2, 'provider_error': True, 'empty': False}]}</failure></testcase>
<testcase classname="potenciacion" name="CMP38"><failure message="FAIL_GROUNDING">{'oracle_version': 'strict_v2.2', 'facets': {'initial_set': 'N', 'differences': 'A', 'expand_gold': 'N', 'ordinal_second': 'N', 'provider_errors': 'N', 'product_evidence_match': 'N', 'attribute_contrast': 'A'}, 'turn_checks': [{'turn': 1, 'provider_error': False, 'empty': False}]}</failure></testcase>
<testcase classname="potenciacion" name="CMP39"><failure message="FAIL_GROUNDING">{'oracle_version': 'strict_v2.2', 'facets': {'initial_set': 'N', 'differences': 'A', 'expand_gold': 'N', 'ordinal_second': 'N', 'provider_errors': 'N', 'product_evidence_match': 'N', 'attribute_contrast': 'A'}, 'turn_checks': [{'turn': 1, 'provider_error': False, 'empty': False}]}</failure></testcase>
<testcase classname="potenciacion" name="CMP40"><failure message="PARTIAL_CAPABILITY">{'oracle_version': 'strict_v2.2', 'facets': {'initial_set': 'Y', 'differences': 'Y', 'expand_gold': 'Y', 'ordinal_second': 'N', 'provider_errors': 'N', 'product_evidence_match': 'Y', 'attribute_contrast': 'Y'}, 'turn_checks': [{'turn': 1, 'provider_error': False, 'empty': False}]}</failure></testcase>
<testcase classname="potenciacion" name="CMP41"><failure message="FAIL_GROUNDING">{'oracle_version': 'strict_v2.2', 'facets': {'initial_set': 'N', 'differences': 'N', 'expand_gold': 'N', 'ordinal_second': 'N', 'provider_errors': 'N', 'product_evidence_match': 'N', 'attribute_contrast': 'N'}, 'turn_checks': [{'turn': 1, 'provider_error': False, 'empty': False}]}</failure></testcase>
<testcase classname="potenciacion" name="CMP42"><failure message="FAIL_GROUNDING">{'oracle_version': 'strict_v2.2', 'facets': {'initial_set': 'N', 'differences': 'N', 'expand_gold': 'N', 'ordinal_second': 'N', 'provider_errors': 'Y', 'product_evidence_match': 'N', 'attribute_contrast': 'N'}, 'turn_checks': [{'turn': 1, 'provider_error': False, 'empty': False}, {'turn': 2, 'provider_error': True, 'empty': False}]}</failure></testcase>
<testcase classname="potenciacion" name="CMP43"><failure message="FAIL_GROUNDING">{'oracle_version': 'strict_v2.2', 'facets': {'initial_set': 'N', 'differences': 'A', 'expand_gold': 'N', 'ordinal_second': 'N', 'provider_errors': 'Y', 'product_evidence_match': 'N', 'attribute_contrast': 'A'}, 'turn_checks': [{'turn': 1, 'provider_error': False, 'empty': False}, {'turn': 2, 'provider_error': True, 'empty': False}]}</failure></testcase>
<testcase classname="potenciacion" name="CMP44"><failure message="FAIL_GROUNDING">{'oracle_version': 'strict_v2.2', 'facets': {'initial_set': 'N', 'differences': 'A', 'expand_gold': 'N', 'ordinal_second': 'N', 'provider_errors': 'N', 'product_evidence_match': 'N', 'attribute_contrast': 'A'}, 'turn_checks': [{'turn': 1, 'provider_error': False, 'empty': False}]}</failure></testcase>
<testcase classname="potenciacion" name="CMP45"><failure message="FAIL_GROUNDING">{'oracle_version': 'strict_v2.2', 'facets': {'initial_set': 'N', 'differences': 'A', 'expand_gold': 'N', 'ordinal_second': 'N', 'provider_errors': 'N', 'product_evidence_match': 'N', 'attribute_contrast': 'A'}, 'turn_checks': [{'turn': 1, 'provider_error': False, 'empty': False}, {'turn': 2, 'provider_error': False, 'empty': False}]}</failure></testcase>
<testcase classname="potenciacion" name="CMP46"><failure message="FAIL_GROUNDING">{'oracle_version': 'strict_v2.2', 'facets': {'initial_set': 'N', 'differences': 'N', 'expand_gold': 'N', 'ordinal_second': 'N', 'provider_errors': 'N', 'product_evidence_match': 'N', 'attribute_contrast': 'N'}, 'turn_checks': [{'turn': 1, 'provider_error': False, 'empty': False}]}</failure></testcase>
<testcase classname="potenciacion" name="CMP47"><failure message="FAIL_GROUNDING">{'oracle_version': 'strict_v2.2', 'facets': {'initial_set': 'N', 'differences': 'A', 'expand_gold': 'N', 'ordinal_second': 'N', 'provider_errors': 'N', 'product_evidence_match': 'N', 'attribute_contrast': 'A'}, 'turn_checks': [{'turn': 1, 'provider_error': False, 'empty': False}]}</failure></testcase>
<testcase classname="potenciacion" name="CMP48"><failure message="FAIL_GROUNDING">{'oracle_version': 'strict_v2.2', 'facets': {'initial_set': 'N', 'differences': 'A', 'expand_gold': 'N', 'ordinal_second': 'N', 'provider_errors': 'N', 'product_evidence_match': 'N', 'attribute_contrast': 'A'}, 'turn_checks': [{'turn': 1, 'provider_error': False, 'empty': False}]}</failure></testcase>
<testcase classname="potenciacion" name="CC01"><failure message="FAIL_GROUNDING">{'oracle_version': 'strict_v2.2', 'facets': {'initial_set': 'N', 'differences': 'N', 'expand_gold': 'N', 'ordinal_second': 'N', 'provider_errors': 'N', 'product_evidence_match': 'N', 'attribute_contrast': 'N'}, 'turn_checks': [{'turn': 1, 'provider_error': False, 'empty': False}, {'turn': 2, 'provider_error': False, 'empty': False}, {'turn': 3, 'provider_error': False, 'empty': False}, {'turn': 4, 'provider_error': False, 'empty': False}, {'turn': 5, 'provider_error': False, 'empty': False}, {'turn': 6, 'provider_error': False, 'empty': False}]}</failure></testcase>
<testcase classname="potenciacion" name="CC02"/>
<testcase classname="potenciacion" name="CC03"><failure message="FAIL_GROUNDING">{'oracle_version': 'strict_v2.2', 'facets': {'initial_set': 'N', 'differences': 'N', 'expand_gold': 'N', 'ordinal_second': 'N', 'provider_errors': 'N', 'product_evidence_match': 'N', 'attribute_contrast': 'N'}, 'turn_checks': [{'turn': 1, 'provider_error': False, 'empty': False}, {'turn': 2, 'provider_error': False, 'empty': False}, {'turn': 3, 'provider_error': False, 'empty': False}, {'turn': 4, 'provider_error': False, 'empty': False}, {'turn': 5, 'provider_error': False, 'empty': False}]}</failure></testcase>
<testcase classname="potenciacion" name="CC04"><failure message="FAIL_GROUNDING">{'oracle_version': 'strict_v2.2', 'facets': {'initial_set': 'N', 'differences': 'A', 'expand_gold': 'N', 'ordinal_second': 'N', 'provider_errors': 'Y', 'product_evidence_match': 'N', 'attribute_contrast': 'A'}, 'turn_checks': [{'turn': 1, 'provider_error': False, 'empty': False}, {'turn': 2, 'provider_error': True, 'empty': False}, {'turn': 3, 'provider_error': False, 'empty': False}, {'turn': 4, 'provider_error': False, 'empty': False}, {'turn': 5, 'provider_error': False, 'empty': False}, {'turn': 6, 'provider_error': False, 'empty': False}]}</failure></testcase>
<testcase classname="potenciacion" name="CC05"><failure message="FAIL_GROUNDING">{'oracle_version': 'strict_v2.2', 'facets': {'initial_set': 'N', 'differences': 'A', 'expand_gold': 'N', 'ordinal_second': 'N', 'provider_errors': 'N', 'product_evidence_match': 'N', 'attribute_contrast': 'A'}, 'turn_checks': [{'turn': 1, 'provider_error': False, 'empty': False}, {'turn': 2, 'provider_error': False, 'empty': False}, {'turn': 3, 'provider_error': False, 'empty': False}, {'turn': 4, 'provider_error': False, 'empty': False}, {'turn': 5, 'provider_error': False, 'empty': False}, {'turn': 6, 'provider_error': False, 'empty': False}]}</failure></testcase>
<testcase classname="potenciacion" name="CA01"><failure message="FAIL_GROUNDING">{'oracle_version': 'strict_v2.2', 'facets': {'initial_set': 'N', 'differences': 'A', 'expand_gold': 'N', 'ordinal_second': 'N', 'provider_errors': 'Y', 'product_evidence_match': 'N', 'attribute_contrast': 'A'}, 'turn_checks': [{'turn': 1, 'provider_error': False, 'empty': False}, {'turn': 2, 'provider_error': True, 'empty': False}]}</failure></testcase>
<testcase classname="potenciacion" name="CA02"><failure message="FAIL_INTERPRETATION">{'facets': {'guide_oracle': 'Y', 'provider_error': 'Y'}, 'oracle_version': 'strict_v2.2'}</failure></testcase>
<testcase classname="potenciacion" name="CA03"/>
<testcase classname="potenciacion" name="CA04"><failure message="FAIL_INTERPRETATION">{'facets': {'guide_oracle': 'Y', 'provider_error': 'Y'}, 'oracle_version': 'strict_v2.2'}</failure></testcase>
<testcase classname="potenciacion" name="CA05"/>
<testcase classname="potenciacion" name="CA06"/>
<testcase classname="potenciacion" name="CA07"><failure message="FAIL_INTERPRETATION">{'facets': {'guide_oracle': 'Y', 'provider_error': 'Y'}, 'oracle_version': 'strict_v2.2'}</failure></testcase>
<testcase classname="potenciacion" name="CA08"><failure message="FAIL_INTERPRETATION">{'facets': {'guide_oracle': 'Y', 'empty': 'Y'}, 'oracle_version': 'strict_v2.2'}</failure></testcase>
</testsuite>
